2018-05-18 14:57:49.904 INFO  [           main] com.example.demo.DemoApplication         Line:48   : Starting DemoApplication on ISTMQ22UQXEAYBE with PID 70816 (E:\github\springboot\springboot-project\03.spring-boot-dynamicdb-demo\target\classes started by Administrator in E:\github\springboot\springboot-project\03.spring-boot-dynamicdb-demo)
2018-05-18 14:57:49.904 INFO  [           main] com.example.demo.DemoApplication         Line:597  : The following profiles are active: dev
2018-05-18 14:57:49.955 INFO  [           main] ationConfigEmbeddedWebApplicationContext Line:583  : Refreshing org.springframework.boot.context.embedded.AnnotationConfigEmbeddedWebApplicationContext@34f6515b: startup date [Fri May 18 14:57:49 CST 2018]; root of context hierarchy
2018-05-18 14:57:50.795 INFO  [           main] .s.d.r.c.RepositoryConfigurationDelegate Line:165  : Multiple Spring Data modules found, entering strict repository configuration mode!
2018-05-18 14:57:51.848 INFO  [           main] trationDelegate$BeanPostProcessorChecker Line:327  : Bean 'redisConfig' of type [com.example.demo.common.redis.RedisConfig$$EnhancerBySpringCGLIB$$fc3a48f0] is not eligible for getting processed by all BeanPostProcessors (for example: not eligible for auto-proxying)
2018-05-18 14:57:51.987 INFO  [           main] trationDelegate$BeanPostProcessorChecker Line:327  : Bean 'org.springframework.cache.annotation.ProxyCachingConfiguration' of type [org.springframework.cache.annotation.ProxyCachingConfiguration$$EnhancerBySpringCGLIB$$5cbdffc8] is not eligible for getting processed by all BeanPostProcessors (for example: not eligible for auto-proxying)
2018-05-18 14:57:52.067 INFO  [           main] trationDelegate$BeanPostProcessorChecker Line:327  : Bean 'org.springframework.transaction.annotation.ProxyTransactionManagementConfiguration' of type [org.springframework.transaction.annotation.ProxyTransactionManagementConfiguration$$EnhancerBySpringCGLIB$$13abc9aa] is not eligible for getting processed by all BeanPostProcessors (for example: not eligible for auto-proxying)
2018-05-18 14:57:52.707 INFO  [           main] s.b.c.e.t.TomcatEmbeddedServletContainer Line:92   : Tomcat initialized with port(s): 8001 (http)
2018-05-18 14:57:52.863 INFO  [localhost-startStop-1] o.s.web.context.ContextLoader            Line:276  : Root WebApplicationContext: initialization completed in 2909 ms
2018-05-18 14:57:53.167 INFO  [localhost-startStop-1] o.s.b.w.servlet.ServletRegistrationBean  Line:190  : Mapping servlet: 'dispatcherServlet' to [/]
2018-05-18 14:57:53.171 INFO  [localhost-startStop-1] o.s.b.w.servlet.FilterRegistrationBean   Line:258  : Mapping filter: 'characterEncodingFilter' to: [/*]
2018-05-18 14:57:53.171 INFO  [localhost-startStop-1] o.s.b.w.servlet.FilterRegistrationBean   Line:258  : Mapping filter: 'hiddenHttpMethodFilter' to: [/*]
2018-05-18 14:57:53.171 INFO  [localhost-startStop-1] o.s.b.w.servlet.FilterRegistrationBean   Line:258  : Mapping filter: 'httpPutFormContentFilter' to: [/*]
2018-05-18 14:57:53.172 INFO  [localhost-startStop-1] o.s.b.w.servlet.FilterRegistrationBean   Line:258  : Mapping filter: 'requestContextFilter' to: [/*]
2018-05-18 15:00:25.684 INFO  [           main] com.example.demo.DemoApplication         Line:48   : Starting DemoApplication on ISTMQ22UQXEAYBE with PID 70740 (E:\github\springboot\springboot-project\03.spring-boot-dynamicdb-demo\target\classes started by Administrator in E:\github\springboot\springboot-project\03.spring-boot-dynamicdb-demo)
2018-05-18 15:00:25.684 INFO  [           main] com.example.demo.DemoApplication         Line:597  : The following profiles are active: dev
2018-05-18 15:00:25.725 INFO  [           main] ationConfigEmbeddedWebApplicationContext Line:583  : Refreshing org.springframework.boot.context.embedded.AnnotationConfigEmbeddedWebApplicationContext@1187c9e8: startup date [Fri May 18 15:00:25 CST 2018]; root of context hierarchy
2018-05-18 15:00:26.530 INFO  [           main] .s.d.r.c.RepositoryConfigurationDelegate Line:165  : Multiple Spring Data modules found, entering strict repository configuration mode!
2018-05-18 15:00:27.142 INFO  [           main] trationDelegate$BeanPostProcessorChecker Line:327  : Bean 'redisConfig' of type [com.example.demo.common.redis.RedisConfig$$EnhancerBySpringCGLIB$$af25981b] is not eligible for getting processed by all BeanPostProcessors (for example: not eligible for auto-proxying)
2018-05-18 15:00:27.285 INFO  [           main] trationDelegate$BeanPostProcessorChecker Line:327  : Bean 'org.springframework.cache.annotation.ProxyCachingConfiguration' of type [org.springframework.cache.annotation.ProxyCachingConfiguration$$EnhancerBySpringCGLIB$$fa94ef3] is not eligible for getting processed by all BeanPostProcessors (for example: not eligible for auto-proxying)
2018-05-18 15:00:27.773 INFO  [           main] trationDelegate$BeanPostProcessorChecker Line:327  : Bean 'org.springframework.transaction.annotation.ProxyTransactionManagementConfiguration' of type [org.springframework.transaction.annotation.ProxyTransactionManagementConfiguration$$EnhancerBySpringCGLIB$$c69718d5] is not eligible for getting processed by all BeanPostProcessors (for example: not eligible for auto-proxying)
2018-05-18 15:00:28.345 INFO  [           main] s.b.c.e.t.TomcatEmbeddedServletContainer Line:92   : Tomcat initialized with port(s): 8001 (http)
2018-05-18 15:00:28.508 INFO  [localhost-startStop-1] o.s.web.context.ContextLoader            Line:276  : Root WebApplicationContext: initialization completed in 2783 ms
2018-05-18 15:00:28.757 INFO  [localhost-startStop-1] o.s.b.w.servlet.ServletRegistrationBean  Line:190  : Mapping servlet: 'dispatcherServlet' to [/]
2018-05-18 15:00:28.761 INFO  [localhost-startStop-1] o.s.b.w.servlet.FilterRegistrationBean   Line:258  : Mapping filter: 'characterEncodingFilter' to: [/*]
2018-05-18 15:00:28.762 INFO  [localhost-startStop-1] o.s.b.w.servlet.FilterRegistrationBean   Line:258  : Mapping filter: 'hiddenHttpMethodFilter' to: [/*]
2018-05-18 15:00:28.762 INFO  [localhost-startStop-1] o.s.b.w.servlet.FilterRegistrationBean   Line:258  : Mapping filter: 'httpPutFormContentFilter' to: [/*]
2018-05-18 15:00:28.762 INFO  [localhost-startStop-1] o.s.b.w.servlet.FilterRegistrationBean   Line:258  : Mapping filter: 'requestContextFilter' to: [/*]
2018-05-18 15:00:30.610 INFO  [           main] s.w.s.m.m.a.RequestMappingHandlerAdapter Line:534  : Looking for @ControllerAdvice: org.springframework.boot.context.embedded.AnnotationConfigEmbeddedWebApplicationContext@1187c9e8: startup date [Fri May 18 15:00:25 CST 2018]; root of context hierarchy
2018-05-18 15:00:30.696 INFO  [           main] s.w.s.m.m.a.RequestMappingHandlerMapping Line:543  : Mapped "{[/demo/v1/demo],methods=[POST],produces=[application/json;charset=UTF-8]}" onto public org.springframework.http.ResponseEntity<java.lang.Integer> com.example.demo.controller.DemoController.addDemo(com.example.demo.model.Demo)
2018-05-18 15:00:30.697 INFO  [           main] s.w.s.m.m.a.RequestMappingHandlerMapping Line:543  : Mapped "{[/demo/v1/demos],methods=[GET],produces=[application/json;charset=UTF-8]}" onto public org.springframework.http.ResponseEntity<java.util.List<com.example.demo.model.Demo>> com.example.demo.controller.DemoController.queryAll()
2018-05-18 15:00:30.703 INFO  [           main] s.w.s.m.m.a.RequestMappingHandlerMapping Line:543  : Mapped "{[/error]}" onto public org.springframework.http.ResponseEntity<java.util.Map<java.lang.String, java.lang.Object>> org.springframework.boot.autoconfigure.web.BasicErrorController.error(javax.servlet.http.HttpServletRequest)
2018-05-18 15:00:30.704 INFO  [           main] s.w.s.m.m.a.RequestMappingHandlerMapping Line:543  : Mapped "{[/error],produces=[text/html]}" onto public org.springframework.web.servlet.ModelAndView org.springframework.boot.autoconfigure.web.BasicErrorController.errorHtml(javax.servlet.http.HttpServletRequest,javax.servlet.http.HttpServletResponse)
2018-05-18 15:00:30.780 INFO  [           main] o.s.w.s.handler.SimpleUrlHandlerMapping  Line:362  : Mapped URL path [/webjars/**] onto handler of type [class org.springframework.web.servlet.resource.ResourceHttpRequestHandler]
2018-05-18 15:00:30.781 INFO  [           main] o.s.w.s.handler.SimpleUrlHandlerMapping  Line:362  : Mapped URL path [/**] onto handler of type [class org.springframework.web.servlet.resource.ResourceHttpRequestHandler]
2018-05-18 15:00:30.865 INFO  [           main] o.s.w.s.handler.SimpleUrlHandlerMapping  Line:362  : Mapped URL path [/**/favicon.ico] onto handler of type [class org.springframework.web.servlet.resource.ResourceHttpRequestHandler]
2018-05-18 15:00:31.597 INFO  [           main] o.s.j.e.a.AnnotationMBeanExporter        Line:431  : Registering beans for JMX exposure on startup
2018-05-18 15:00:31.599 INFO  [           main] o.s.j.e.a.AnnotationMBeanExporter        Line:918  : Bean with name 'masterDataSource' has been autodetected for JMX exposure
2018-05-18 15:00:31.599 INFO  [           main] o.s.j.e.a.AnnotationMBeanExporter        Line:918  : Bean with name 'slaveDataSource' has been autodetected for JMX exposure
2018-05-18 15:00:31.605 INFO  [           main] o.s.j.e.a.AnnotationMBeanExporter        Line:672  : Located MBean 'masterDataSource': registering with JMX server as MBean [com.alibaba.druid.pool:name=masterDataSource,type=DruidDataSource]
2018-05-18 15:00:31.607 INFO  [           main] o.s.j.e.a.AnnotationMBeanExporter        Line:672  : Located MBean 'slaveDataSource': registering with JMX server as MBean [com.alibaba.druid.pool:name=slaveDataSource,type=DruidDataSource]
2018-05-18 15:00:31.707 INFO  [           main] s.b.c.e.t.TomcatEmbeddedServletContainer Line:216  : Tomcat started on port(s): 8001 (http)
2018-05-18 15:00:31.714 INFO  [           main] com.example.demo.DemoApplication         Line:57   : Started DemoApplication in 6.454 seconds (JVM running for 6.901)
2018-05-18 15:00:55.105 INFO  [http-nio-8001-exec-2] o.s.web.servlet.DispatcherServlet        Line:489  : FrameworkServlet 'dispatcherServlet': initialization started
2018-05-18 15:00:55.141 INFO  [http-nio-8001-exec-2] o.s.web.servlet.DispatcherServlet        Line:508  : FrameworkServlet 'dispatcherServlet': initialization completed in 36 ms
2018-05-18 15:03:12.700 INFO  [http-nio-8001-exec-9] com.alibaba.druid.pool.DruidDataSource   Line:667  : {dataSource-1} inited
2018-05-18 15:05:40.153 INFO  [http-nio-8001-exec-3] com.alibaba.druid.pool.DruidDataSource   Line:667  : {dataSource-2} inited
2018-05-18 15:19:19.062 INFO  [           main] com.example.demo.DemoApplication         Line:48   : Starting DemoApplication on ISTMQ22UQXEAYBE with PID 73140 (E:\github\springboot\springboot-project\03.spring-boot-dynamicdb-demo\target\classes started by Administrator in E:\github\springboot\springboot-project\03.spring-boot-dynamicdb-demo)
2018-05-18 15:19:19.063 INFO  [           main] com.example.demo.DemoApplication         Line:597  : The following profiles are active: dev
2018-05-18 15:19:19.108 INFO  [           main] ationConfigEmbeddedWebApplicationContext Line:583  : Refreshing org.springframework.boot.context.embedded.AnnotationConfigEmbeddedWebApplicationContext@1187c9e8: startup date [Fri May 18 15:19:19 CST 2018]; root of context hierarchy
2018-05-18 15:19:20.015 INFO  [           main] .s.d.r.c.RepositoryConfigurationDelegate Line:165  : Multiple Spring Data modules found, entering strict repository configuration mode!
2018-05-18 15:19:20.623 INFO  [           main] trationDelegate$BeanPostProcessorChecker Line:327  : Bean 'redisConfig' of type [com.example.demo.common.redis.RedisConfig$$EnhancerBySpringCGLIB$$2bcdae61] is not eligible for getting processed by all BeanPostProcessors (for example: not eligible for auto-proxying)
2018-05-18 15:19:20.756 INFO  [           main] trationDelegate$BeanPostProcessorChecker Line:327  : Bean 'org.springframework.cache.annotation.ProxyCachingConfiguration' of type [org.springframework.cache.annotation.ProxyCachingConfiguration$$EnhancerBySpringCGLIB$$8c516539] is not eligible for getting processed by all BeanPostProcessors (for example: not eligible for auto-proxying)
2018-05-18 15:19:20.839 INFO  [           main] trationDelegate$BeanPostProcessorChecker Line:327  : Bean 'org.springframework.transaction.annotation.ProxyTransactionManagementConfiguration' of type [org.springframework.transaction.annotation.ProxyTransactionManagementConfiguration$$EnhancerBySpringCGLIB$$433f2f1b] is not eligible for getting processed by all BeanPostProcessors (for example: not eligible for auto-proxying)
2018-05-18 15:19:21.442 INFO  [           main] s.b.c.e.t.TomcatEmbeddedServletContainer Line:92   : Tomcat initialized with port(s): 8001 (http)
2018-05-18 15:19:21.612 INFO  [localhost-startStop-1] o.s.web.context.ContextLoader            Line:276  : Root WebApplicationContext: initialization completed in 2504 ms
2018-05-18 15:19:21.956 INFO  [localhost-startStop-1] o.s.b.w.servlet.ServletRegistrationBean  Line:190  : Mapping servlet: 'dispatcherServlet' to [/]
2018-05-18 15:19:21.960 INFO  [localhost-startStop-1] o.s.b.w.servlet.FilterRegistrationBean   Line:258  : Mapping filter: 'characterEncodingFilter' to: [/*]
2018-05-18 15:19:21.961 INFO  [localhost-startStop-1] o.s.b.w.servlet.FilterRegistrationBean   Line:258  : Mapping filter: 'hiddenHttpMethodFilter' to: [/*]
2018-05-18 15:19:21.961 INFO  [localhost-startStop-1] o.s.b.w.servlet.FilterRegistrationBean   Line:258  : Mapping filter: 'httpPutFormContentFilter' to: [/*]
2018-05-18 15:19:21.961 INFO  [localhost-startStop-1] o.s.b.w.servlet.FilterRegistrationBean   Line:258  : Mapping filter: 'requestContextFilter' to: [/*]
2018-05-18 15:19:23.800 INFO  [           main] s.w.s.m.m.a.RequestMappingHandlerAdapter Line:534  : Looking for @ControllerAdvice: org.springframework.boot.context.embedded.AnnotationConfigEmbeddedWebApplicationContext@1187c9e8: startup date [Fri May 18 15:19:19 CST 2018]; root of context hierarchy
2018-05-18 15:19:23.903 INFO  [           main] s.w.s.m.m.a.RequestMappingHandlerMapping Line:543  : Mapped "{[/demo/v1/demo],methods=[POST],produces=[application/json;charset=UTF-8]}" onto public org.springframework.http.ResponseEntity<java.lang.Integer> com.example.demo.controller.DemoController.addDemo(com.example.demo.model.Demo)
2018-05-18 15:19:23.904 INFO  [           main] s.w.s.m.m.a.RequestMappingHandlerMapping Line:543  : Mapped "{[/demo/v1/demos],methods=[GET],produces=[application/json;charset=UTF-8]}" onto public org.springframework.http.ResponseEntity<java.util.List<com.example.demo.model.Demo>> com.example.demo.controller.DemoController.queryAll()
2018-05-18 15:19:23.909 INFO  [           main] s.w.s.m.m.a.RequestMappingHandlerMapping Line:543  : Mapped "{[/error]}" onto public org.springframework.http.ResponseEntity<java.util.Map<java.lang.String, java.lang.Object>> org.springframework.boot.autoconfigure.web.BasicErrorController.error(javax.servlet.http.HttpServletRequest)
2018-05-18 15:19:23.910 INFO  [           main] s.w.s.m.m.a.RequestMappingHandlerMapping Line:543  : Mapped "{[/error],produces=[text/html]}" onto public org.springframework.web.servlet.ModelAndView org.springframework.boot.autoconfigure.web.BasicErrorController.errorHtml(javax.servlet.http.HttpServletRequest,javax.servlet.http.HttpServletResponse)
2018-05-18 15:19:23.989 INFO  [           main] o.s.w.s.handler.SimpleUrlHandlerMapping  Line:362  : Mapped URL path [/webjars/**] onto handler of type [class org.springframework.web.servlet.resource.ResourceHttpRequestHandler]
2018-05-18 15:19:23.989 INFO  [           main] o.s.w.s.handler.SimpleUrlHandlerMapping  Line:362  : Mapped URL path [/**] onto handler of type [class org.springframework.web.servlet.resource.ResourceHttpRequestHandler]
2018-05-18 15:19:24.060 INFO  [           main] o.s.w.s.handler.SimpleUrlHandlerMapping  Line:362  : Mapped URL path [/**/favicon.ico] onto handler of type [class org.springframework.web.servlet.resource.ResourceHttpRequestHandler]
2018-05-18 15:19:24.739 INFO  [           main] o.s.j.e.a.AnnotationMBeanExporter        Line:431  : Registering beans for JMX exposure on startup
2018-05-18 15:19:24.740 INFO  [           main] o.s.j.e.a.AnnotationMBeanExporter        Line:918  : Bean with name 'masterDataSource' has been autodetected for JMX exposure
2018-05-18 15:19:24.740 INFO  [           main] o.s.j.e.a.AnnotationMBeanExporter        Line:918  : Bean with name 'slaveDataSource' has been autodetected for JMX exposure
2018-05-18 15:19:24.744 INFO  [           main] o.s.j.e.a.AnnotationMBeanExporter        Line:672  : Located MBean 'masterDataSource': registering with JMX server as MBean [com.alibaba.druid.pool:name=masterDataSource,type=DruidDataSource]
2018-05-18 15:19:24.746 INFO  [           main] o.s.j.e.a.AnnotationMBeanExporter        Line:672  : Located MBean 'slaveDataSource': registering with JMX server as MBean [com.alibaba.druid.pool:name=slaveDataSource,type=DruidDataSource]
2018-05-18 15:19:24.814 INFO  [           main] s.b.c.e.t.TomcatEmbeddedServletContainer Line:216  : Tomcat started on port(s): 8001 (http)
2018-05-18 15:19:24.821 INFO  [           main] com.example.demo.DemoApplication         Line:57   : Started DemoApplication in 6.169 seconds (JVM running for 6.569)
2018-05-18 15:19:55.218 INFO  [http-nio-8001-exec-2] o.s.web.servlet.DispatcherServlet        Line:489  : FrameworkServlet 'dispatcherServlet': initialization started
2018-05-18 15:19:55.257 INFO  [http-nio-8001-exec-2] o.s.web.servlet.DispatcherServlet        Line:508  : FrameworkServlet 'dispatcherServlet': initialization completed in 39 ms
2018-05-18 15:19:56.655 INFO  [http-nio-8001-exec-2] com.alibaba.druid.pool.DruidDataSource   Line:667  : {dataSource-1} inited
2018-05-18 16:20:35.428 INFO  [           main] com.example.demo.DemoApplication         Line:48   : Starting DemoApplication on ISTMQ22UQXEAYBE with PID 59256 (E:\github\springboot\springboot-project\04.spring-boot-swagger-demo\target\classes started by Administrator in E:\github\springboot\springboot-project\04.spring-boot-swagger-demo)
2018-05-18 16:20:35.428 INFO  [           main] com.example.demo.DemoApplication         Line:597  : The following profiles are active: dev
2018-05-18 16:20:35.505 INFO  [           main] ationConfigEmbeddedWebApplicationContext Line:583  : Refreshing org.springframework.boot.context.embedded.AnnotationConfigEmbeddedWebApplicationContext@46271dd6: startup date [Fri May 18 16:20:35 CST 2018]; root of context hierarchy
2018-05-18 16:20:36.814 INFO  [           main] .s.d.r.c.RepositoryConfigurationDelegate Line:165  : Multiple Spring Data modules found, entering strict repository configuration mode!
2018-05-18 16:20:37.457 INFO  [           main] trationDelegate$BeanPostProcessorChecker Line:327  : Bean 'redisConfig' of type [com.example.demo.common.redis.RedisConfig$$EnhancerBySpringCGLIB$$820b4d18] is not eligible for getting processed by all BeanPostProcessors (for example: not eligible for auto-proxying)
2018-05-18 16:20:37.593 INFO  [           main] trationDelegate$BeanPostProcessorChecker Line:327  : Bean 'org.springframework.cache.annotation.ProxyCachingConfiguration' of type [org.springframework.cache.annotation.ProxyCachingConfiguration$$EnhancerBySpringCGLIB$$e28f03f0] is not eligible for getting processed by all BeanPostProcessors (for example: not eligible for auto-proxying)
2018-05-18 16:20:37.655 INFO  [           main] trationDelegate$BeanPostProcessorChecker Line:327  : Bean 'org.springframework.transaction.annotation.ProxyTransactionManagementConfiguration' of type [org.springframework.transaction.annotation.ProxyTransactionManagementConfiguration$$EnhancerBySpringCGLIB$$997ccdd2] is not eligible for getting processed by all BeanPostProcessors (for example: not eligible for auto-proxying)
2018-05-18 16:20:38.469 INFO  [           main] s.b.c.e.t.TomcatEmbeddedServletContainer Line:92   : Tomcat initialized with port(s): 8001 (http)
2018-05-18 16:20:38.663 INFO  [localhost-startStop-1] o.s.web.context.ContextLoader            Line:276  : Root WebApplicationContext: initialization completed in 3158 ms
2018-05-18 16:20:39.001 INFO  [localhost-startStop-1] o.s.b.w.servlet.ServletRegistrationBean  Line:190  : Mapping servlet: 'dispatcherServlet' to [/]
2018-05-18 16:20:39.008 INFO  [localhost-startStop-1] o.s.b.w.servlet.FilterRegistrationBean   Line:258  : Mapping filter: 'characterEncodingFilter' to: [/*]
2018-05-18 16:20:39.008 INFO  [localhost-startStop-1] o.s.b.w.servlet.FilterRegistrationBean   Line:258  : Mapping filter: 'hiddenHttpMethodFilter' to: [/*]
2018-05-18 16:20:39.009 INFO  [localhost-startStop-1] o.s.b.w.servlet.FilterRegistrationBean   Line:258  : Mapping filter: 'httpPutFormContentFilter' to: [/*]
2018-05-18 16:20:39.009 INFO  [localhost-startStop-1] o.s.b.w.servlet.FilterRegistrationBean   Line:258  : Mapping filter: 'requestContextFilter' to: [/*]
2018-05-18 16:20:41.298 INFO  [           main] s.w.s.m.m.a.RequestMappingHandlerMapping Line:543  : Mapped "{[/demo/v1/demos],methods=[GET],produces=[application/json;charset=UTF-8]}" onto public org.springframework.http.ResponseEntity<java.util.List<com.example.demo.model.Demo>> com.example.demo.controller.DemoController.queryAll()
2018-05-18 16:20:41.300 INFO  [           main] s.w.s.m.m.a.RequestMappingHandlerMapping Line:543  : Mapped "{[/demo/v1/demo],methods=[POST],produces=[application/json;charset=UTF-8]}" onto public org.springframework.http.ResponseEntity<java.lang.Integer> com.example.demo.controller.DemoController.addDemo(com.example.demo.model.Demo)
2018-05-18 16:20:41.304 INFO  [           main] s.w.s.m.m.a.RequestMappingHandlerMapping Line:543  : Mapped "{[/swagger-resources]}" onto public org.springframework.http.ResponseEntity<java.util.List<springfox.documentation.swagger.web.SwaggerResource>> springfox.documentation.swagger.web.ApiResourceController.swaggerResources()
2018-05-18 16:20:41.305 INFO  [           main] s.w.s.m.m.a.RequestMappingHandlerMapping Line:543  : Mapped "{[/swagger-resources/configuration/ui]}" onto public org.springframework.http.ResponseEntity<springfox.documentation.swagger.web.UiConfiguration> springfox.documentation.swagger.web.ApiResourceController.uiConfiguration()
2018-05-18 16:20:41.306 INFO  [           main] s.w.s.m.m.a.RequestMappingHandlerMapping Line:543  : Mapped "{[/swagger-resources/configuration/security]}" onto public org.springframework.http.ResponseEntity<springfox.documentation.swagger.web.SecurityConfiguration> springfox.documentation.swagger.web.ApiResourceController.securityConfiguration()
2018-05-18 16:20:41.313 INFO  [           main] s.w.s.m.m.a.RequestMappingHandlerMapping Line:543  : Mapped "{[/error]}" onto public org.springframework.http.ResponseEntity<java.util.Map<java.lang.String, java.lang.Object>> org.springframework.boot.autoconfigure.web.BasicErrorController.error(javax.servlet.http.HttpServletRequest)
2018-05-18 16:20:41.314 INFO  [           main] s.w.s.m.m.a.RequestMappingHandlerMapping Line:543  : Mapped "{[/error],produces=[text/html]}" onto public org.springframework.web.servlet.ModelAndView org.springframework.boot.autoconfigure.web.BasicErrorController.errorHtml(javax.servlet.http.HttpServletRequest,javax.servlet.http.HttpServletResponse)
2018-05-18 16:20:42.071 INFO  [           main] s.w.s.m.m.a.RequestMappingHandlerAdapter Line:534  : Looking for @ControllerAdvice: org.springframework.boot.context.embedded.AnnotationConfigEmbeddedWebApplicationContext@46271dd6: startup date [Fri May 18 16:20:35 CST 2018]; root of context hierarchy
2018-05-18 16:20:42.201 INFO  [           main] o.s.w.s.handler.SimpleUrlHandlerMapping  Line:362  : Mapped URL path [/webjars/**] onto handler of type [class org.springframework.web.servlet.resource.ResourceHttpRequestHandler]
2018-05-18 16:20:42.202 INFO  [           main] o.s.w.s.handler.SimpleUrlHandlerMapping  Line:362  : Mapped URL path [/**] onto handler of type [class org.springframework.web.servlet.resource.ResourceHttpRequestHandler]
2018-05-18 16:20:42.272 INFO  [           main] o.s.w.s.handler.SimpleUrlHandlerMapping  Line:362  : Mapped URL path [/**/favicon.ico] onto handler of type [class org.springframework.web.servlet.resource.ResourceHttpRequestHandler]
2018-05-18 16:20:42.923 INFO  [           main] o.s.j.e.a.AnnotationMBeanExporter        Line:431  : Registering beans for JMX exposure on startup
2018-05-18 16:20:42.925 INFO  [           main] o.s.j.e.a.AnnotationMBeanExporter        Line:918  : Bean with name 'masterDataSource' has been autodetected for JMX exposure
2018-05-18 16:20:42.925 INFO  [           main] o.s.j.e.a.AnnotationMBeanExporter        Line:918  : Bean with name 'slaveDataSource' has been autodetected for JMX exposure
2018-05-18 16:20:42.932 INFO  [           main] o.s.j.e.a.AnnotationMBeanExporter        Line:672  : Located MBean 'masterDataSource': registering with JMX server as MBean [com.alibaba.druid.pool:name=masterDataSource,type=DruidDataSource]
2018-05-18 16:20:42.934 INFO  [           main] o.s.j.e.a.AnnotationMBeanExporter        Line:672  : Located MBean 'slaveDataSource': registering with JMX server as MBean [com.alibaba.druid.pool:name=slaveDataSource,type=DruidDataSource]
2018-05-18 16:20:42.939 INFO  [           main] o.s.c.support.DefaultLifecycleProcessor  Line:341  : Starting beans in phase 2147483647
2018-05-18 16:20:43.290 INFO  [           main] ationConfigEmbeddedWebApplicationContext Line:984  : Closing org.springframework.boot.context.embedded.AnnotationConfigEmbeddedWebApplicationContext@46271dd6: startup date [Fri May 18 16:20:35 CST 2018]; root of context hierarchy
2018-05-18 16:20:43.292 INFO  [           main] o.s.c.support.DefaultLifecycleProcessor  Line:356  : Stopping beans in phase 2147483647
2018-05-18 16:20:43.294 INFO  [           main] o.s.j.e.a.AnnotationMBeanExporter        Line:449  : Unregistering JMX-exposed beans on shutdown
2018-05-18 16:20:43.294 INFO  [           main] o.s.j.e.a.AnnotationMBeanExporter        Line:241  : Unregistering JMX-exposed beans
2018-05-18 16:20:58.475 INFO  [           main] com.example.demo.DemoApplication         Line:48   : Starting DemoApplication on ISTMQ22UQXEAYBE with PID 77736 (E:\github\springboot\springboot-project\04.spring-boot-swagger-demo\target\classes started by Administrator in E:\github\springboot\springboot-project\04.spring-boot-swagger-demo)
2018-05-18 16:20:58.475 INFO  [           main] com.example.demo.DemoApplication         Line:597  : The following profiles are active: dev
2018-05-18 16:20:58.524 INFO  [           main] ationConfigEmbeddedWebApplicationContext Line:583  : Refreshing org.springframework.boot.context.embedded.AnnotationConfigEmbeddedWebApplicationContext@46271dd6: startup date [Fri May 18 16:20:58 CST 2018]; root of context hierarchy
2018-05-18 16:20:59.726 INFO  [           main] .s.d.r.c.RepositoryConfigurationDelegate Line:165  : Multiple Spring Data modules found, entering strict repository configuration mode!
2018-05-18 16:21:00.388 INFO  [           main] trationDelegate$BeanPostProcessorChecker Line:327  : Bean 'redisConfig' of type [com.example.demo.common.redis.RedisConfig$$EnhancerBySpringCGLIB$$904a6c2a] is not eligible for getting processed by all BeanPostProcessors (for example: not eligible for auto-proxying)
2018-05-18 16:21:00.511 INFO  [           main] trationDelegate$BeanPostProcessorChecker Line:327  : Bean 'org.springframework.cache.annotation.ProxyCachingConfiguration' of type [org.springframework.cache.annotation.ProxyCachingConfiguration$$EnhancerBySpringCGLIB$$f0ce2302] is not eligible for getting processed by all BeanPostProcessors (for example: not eligible for auto-proxying)
2018-05-18 16:21:00.578 INFO  [           main] trationDelegate$BeanPostProcessorChecker Line:327  : Bean 'org.springframework.transaction.annotation.ProxyTransactionManagementConfiguration' of type [org.springframework.transaction.annotation.ProxyTransactionManagementConfiguration$$EnhancerBySpringCGLIB$$a7bbece4] is not eligible for getting processed by all BeanPostProcessors (for example: not eligible for auto-proxying)
2018-05-18 16:21:01.331 INFO  [           main] s.b.c.e.t.TomcatEmbeddedServletContainer Line:92   : Tomcat initialized with port(s): 8001 (http)
2018-05-18 16:21:01.528 INFO  [localhost-startStop-1] o.s.web.context.ContextLoader            Line:276  : Root WebApplicationContext: initialization completed in 3004 ms
2018-05-18 16:21:01.796 INFO  [localhost-startStop-1] o.s.b.w.servlet.ServletRegistrationBean  Line:190  : Mapping servlet: 'dispatcherServlet' to [/]
2018-05-18 16:21:01.800 INFO  [localhost-startStop-1] o.s.b.w.servlet.FilterRegistrationBean   Line:258  : Mapping filter: 'characterEncodingFilter' to: [/*]
2018-05-18 16:21:01.801 INFO  [localhost-startStop-1] o.s.b.w.servlet.FilterRegistrationBean   Line:258  : Mapping filter: 'hiddenHttpMethodFilter' to: [/*]
2018-05-18 16:21:01.801 INFO  [localhost-startStop-1] o.s.b.w.servlet.FilterRegistrationBean   Line:258  : Mapping filter: 'httpPutFormContentFilter' to: [/*]
2018-05-18 16:21:01.801 INFO  [localhost-startStop-1] o.s.b.w.servlet.FilterRegistrationBean   Line:258  : Mapping filter: 'requestContextFilter' to: [/*]
2018-05-18 16:21:04.463 INFO  [           main] s.w.s.m.m.a.RequestMappingHandlerMapping Line:543  : Mapped "{[/demo/v1/demos],methods=[GET],produces=[application/json;charset=UTF-8]}" onto public org.springframework.http.ResponseEntity<java.util.List<com.example.demo.model.Demo>> com.example.demo.controller.DemoController.queryAll()
2018-05-18 16:21:04.465 INFO  [           main] s.w.s.m.m.a.RequestMappingHandlerMapping Line:543  : Mapped "{[/demo/v1/demo],methods=[POST],produces=[application/json;charset=UTF-8]}" onto public org.springframework.http.ResponseEntity<java.lang.Integer> com.example.demo.controller.DemoController.addDemo(com.example.demo.model.Demo)
2018-05-18 16:21:04.467 INFO  [           main] s.w.s.m.m.a.RequestMappingHandlerMapping Line:543  : Mapped "{[/swagger-resources]}" onto public org.springframework.http.ResponseEntity<java.util.List<springfox.documentation.swagger.web.SwaggerResource>> springfox.documentation.swagger.web.ApiResourceController.swaggerResources()
2018-05-18 16:21:04.469 INFO  [           main] s.w.s.m.m.a.RequestMappingHandlerMapping Line:543  : Mapped "{[/swagger-resources/configuration/ui]}" onto public org.springframework.http.ResponseEntity<springfox.documentation.swagger.web.UiConfiguration> springfox.documentation.swagger.web.ApiResourceController.uiConfiguration()
2018-05-18 16:21:04.470 INFO  [           main] s.w.s.m.m.a.RequestMappingHandlerMapping Line:543  : Mapped "{[/swagger-resources/configuration/security]}" onto public org.springframework.http.ResponseEntity<springfox.documentation.swagger.web.SecurityConfiguration> springfox.documentation.swagger.web.ApiResourceController.securityConfiguration()
2018-05-18 16:21:04.479 INFO  [           main] s.w.s.m.m.a.RequestMappingHandlerMapping Line:543  : Mapped "{[/error]}" onto public org.springframework.http.ResponseEntity<java.util.Map<java.lang.String, java.lang.Object>> org.springframework.boot.autoconfigure.web.BasicErrorController.error(javax.servlet.http.HttpServletRequest)
2018-05-18 16:21:04.479 INFO  [           main] s.w.s.m.m.a.RequestMappingHandlerMapping Line:543  : Mapped "{[/error],produces=[text/html]}" onto public org.springframework.web.servlet.ModelAndView org.springframework.boot.autoconfigure.web.BasicErrorController.errorHtml(javax.servlet.http.HttpServletRequest,javax.servlet.http.HttpServletResponse)
2018-05-18 16:21:05.332 INFO  [           main] s.w.s.m.m.a.RequestMappingHandlerAdapter Line:534  : Looking for @ControllerAdvice: org.springframework.boot.context.embedded.AnnotationConfigEmbeddedWebApplicationContext@46271dd6: startup date [Fri May 18 16:20:58 CST 2018]; root of context hierarchy
2018-05-18 16:21:05.468 INFO  [           main] o.s.w.s.handler.SimpleUrlHandlerMapping  Line:362  : Mapped URL path [/webjars/**] onto handler of type [class org.springframework.web.servlet.resource.ResourceHttpRequestHandler]
2018-05-18 16:21:05.469 INFO  [           main] o.s.w.s.handler.SimpleUrlHandlerMapping  Line:362  : Mapped URL path [/**] onto handler of type [class org.springframework.web.servlet.resource.ResourceHttpRequestHandler]
2018-05-18 16:21:05.589 INFO  [           main] o.s.w.s.handler.SimpleUrlHandlerMapping  Line:362  : Mapped URL path [/**/favicon.ico] onto handler of type [class org.springframework.web.servlet.resource.ResourceHttpRequestHandler]
2018-05-18 16:21:06.307 INFO  [           main] o.s.j.e.a.AnnotationMBeanExporter        Line:431  : Registering beans for JMX exposure on startup
2018-05-18 16:21:06.309 INFO  [           main] o.s.j.e.a.AnnotationMBeanExporter        Line:918  : Bean with name 'masterDataSource' has been autodetected for JMX exposure
2018-05-18 16:21:06.309 INFO  [           main] o.s.j.e.a.AnnotationMBeanExporter        Line:918  : Bean with name 'slaveDataSource' has been autodetected for JMX exposure
2018-05-18 16:21:06.314 INFO  [           main] o.s.j.e.a.AnnotationMBeanExporter        Line:672  : Located MBean 'masterDataSource': registering with JMX server as MBean [com.alibaba.druid.pool:name=masterDataSource,type=DruidDataSource]
2018-05-18 16:21:06.317 INFO  [           main] o.s.j.e.a.AnnotationMBeanExporter        Line:672  : Located MBean 'slaveDataSource': registering with JMX server as MBean [com.alibaba.druid.pool:name=slaveDataSource,type=DruidDataSource]
2018-05-18 16:21:06.320 INFO  [           main] o.s.c.support.DefaultLifecycleProcessor  Line:341  : Starting beans in phase 2147483647
2018-05-18 16:21:06.624 INFO  [           main] s.b.c.e.t.TomcatEmbeddedServletContainer Line:216  : Tomcat started on port(s): 8001 (http)
2018-05-18 16:21:06.636 INFO  [           main] com.example.demo.DemoApplication         Line:57   : Started DemoApplication in 8.583 seconds (JVM running for 9.046)
2018-05-18 16:21:47.212 INFO  [http-nio-8001-exec-4] o.s.web.servlet.DispatcherServlet        Line:489  : FrameworkServlet 'dispatcherServlet': initialization started
2018-05-18 16:21:47.267 INFO  [http-nio-8001-exec-4] o.s.web.servlet.DispatcherServlet        Line:508  : FrameworkServlet 'dispatcherServlet': initialization completed in 55 ms
2018-05-18 16:46:17.222 INFO  [http-nio-8001-exec-8] com.alibaba.druid.pool.DruidDataSource   Line:667  : {dataSource-1} inited
2018-05-18 16:51:13.853 INFO  [           main] com.example.demo.DemoApplication         Line:48   : Starting DemoApplication on ISTMQ22UQXEAYBE with PID 64264 (E:\github\springboot\springboot-project\04.spring-boot-swagger-demo\target\classes started by Administrator in E:\github\springboot\springboot-project\04.spring-boot-swagger-demo)
2018-05-18 16:51:13.854 INFO  [           main] com.example.demo.DemoApplication         Line:597  : The following profiles are active: dev
2018-05-18 16:51:13.907 INFO  [           main] ationConfigEmbeddedWebApplicationContext Line:583  : Refreshing org.springframework.boot.context.embedded.AnnotationConfigEmbeddedWebApplicationContext@46271dd6: startup date [Fri May 18 16:51:13 CST 2018]; root of context hierarchy
2018-05-18 16:51:15.265 INFO  [           main] .s.d.r.c.RepositoryConfigurationDelegate Line:165  : Multiple Spring Data modules found, entering strict repository configuration mode!
2018-05-18 16:51:15.948 INFO  [           main] trationDelegate$BeanPostProcessorChecker Line:327  : Bean 'redisConfig' of type [com.example.demo.common.redis.RedisConfig$$EnhancerBySpringCGLIB$$88b7da2d] is not eligible for getting processed by all BeanPostProcessors (for example: not eligible for auto-proxying)
2018-05-18 16:51:16.082 INFO  [           main] trationDelegate$BeanPostProcessorChecker Line:327  : Bean 'org.springframework.cache.annotation.ProxyCachingConfiguration' of type [org.springframework.cache.annotation.ProxyCachingConfiguration$$EnhancerBySpringCGLIB$$e93b9105] is not eligible for getting processed by all BeanPostProcessors (for example: not eligible for auto-proxying)
2018-05-18 16:51:16.197 INFO  [           main] trationDelegate$BeanPostProcessorChecker Line:327  : Bean 'org.springframework.transaction.annotation.ProxyTransactionManagementConfiguration' of type [org.springframework.transaction.annotation.ProxyTransactionManagementConfiguration$$EnhancerBySpringCGLIB$$a0295ae7] is not eligible for getting processed by all BeanPostProcessors (for example: not eligible for auto-proxying)
2018-05-18 16:51:16.915 INFO  [           main] s.b.c.e.t.TomcatEmbeddedServletContainer Line:92   : Tomcat initialized with port(s): 8001 (http)
2018-05-18 16:51:17.053 INFO  [localhost-startStop-1] o.s.web.context.ContextLoader            Line:276  : Root WebApplicationContext: initialization completed in 3146 ms
2018-05-18 16:51:17.358 INFO  [localhost-startStop-1] o.s.b.w.servlet.ServletRegistrationBean  Line:190  : Mapping servlet: 'dispatcherServlet' to [/]
2018-05-18 16:51:17.362 INFO  [localhost-startStop-1] o.s.b.w.servlet.FilterRegistrationBean   Line:258  : Mapping filter: 'characterEncodingFilter' to: [/*]
2018-05-18 16:51:17.363 INFO  [localhost-startStop-1] o.s.b.w.servlet.FilterRegistrationBean   Line:258  : Mapping filter: 'hiddenHttpMethodFilter' to: [/*]
2018-05-18 16:51:17.363 INFO  [localhost-startStop-1] o.s.b.w.servlet.FilterRegistrationBean   Line:258  : Mapping filter: 'httpPutFormContentFilter' to: [/*]
2018-05-18 16:51:17.363 INFO  [localhost-startStop-1] o.s.b.w.servlet.FilterRegistrationBean   Line:258  : Mapping filter: 'requestContextFilter' to: [/*]
2018-05-18 16:51:20.474 INFO  [           main] s.w.s.m.m.a.RequestMappingHandlerMapping Line:543  : Mapped "{[/demo/v1/demos],methods=[GET],produces=[application/json;charset=UTF-8]}" onto public org.springframework.http.ResponseEntity<java.util.List<com.example.demo.model.Demo>> com.example.demo.controller.DemoController.queryAll()
2018-05-18 16:51:20.476 INFO  [           main] s.w.s.m.m.a.RequestMappingHandlerMapping Line:543  : Mapped "{[/demo/v1/demo],methods=[POST],produces=[application/json;charset=UTF-8]}" onto public org.springframework.http.ResponseEntity<java.lang.Integer> com.example.demo.controller.DemoController.addDemo(com.example.demo.model.Demo)
2018-05-18 16:51:20.479 INFO  [           main] s.w.s.m.m.a.RequestMappingHandlerMapping Line:543  : Mapped "{[/swagger-resources]}" onto public org.springframework.http.ResponseEntity<java.util.List<springfox.documentation.swagger.web.SwaggerResource>> springfox.documentation.swagger.web.ApiResourceController.swaggerResources()
2018-05-18 16:51:20.481 INFO  [           main] s.w.s.m.m.a.RequestMappingHandlerMapping Line:543  : Mapped "{[/swagger-resources/configuration/ui]}" onto public org.springframework.http.ResponseEntity<springfox.documentation.swagger.web.UiConfiguration> springfox.documentation.swagger.web.ApiResourceController.uiConfiguration()
2018-05-18 16:51:20.482 INFO  [           main] s.w.s.m.m.a.RequestMappingHandlerMapping Line:543  : Mapped "{[/swagger-resources/configuration/security]}" onto public org.springframework.http.ResponseEntity<springfox.documentation.swagger.web.SecurityConfiguration> springfox.documentation.swagger.web.ApiResourceController.securityConfiguration()
2018-05-18 16:51:20.490 INFO  [           main] s.w.s.m.m.a.RequestMappingHandlerMapping Line:543  : Mapped "{[/error]}" onto public org.springframework.http.ResponseEntity<java.util.Map<java.lang.String, java.lang.Object>> org.springframework.boot.autoconfigure.web.BasicErrorController.error(javax.servlet.http.HttpServletRequest)
2018-05-18 16:51:20.490 INFO  [           main] s.w.s.m.m.a.RequestMappingHandlerMapping Line:543  : Mapped "{[/error],produces=[text/html]}" onto public org.springframework.web.servlet.ModelAndView org.springframework.boot.autoconfigure.web.BasicErrorController.errorHtml(javax.servlet.http.HttpServletRequest,javax.servlet.http.HttpServletResponse)
2018-05-18 16:51:21.307 INFO  [           main] s.w.s.m.m.a.RequestMappingHandlerAdapter Line:534  : Looking for @ControllerAdvice: org.springframework.boot.context.embedded.AnnotationConfigEmbeddedWebApplicationContext@46271dd6: startup date [Fri May 18 16:51:13 CST 2018]; root of context hierarchy
2018-05-18 16:51:21.415 INFO  [           main] o.s.w.s.handler.SimpleUrlHandlerMapping  Line:362  : Mapped URL path [/webjars/**] onto handler of type [class org.springframework.web.servlet.resource.ResourceHttpRequestHandler]
2018-05-18 16:51:21.416 INFO  [           main] o.s.w.s.handler.SimpleUrlHandlerMapping  Line:362  : Mapped URL path [/**] onto handler of type [class org.springframework.web.servlet.resource.ResourceHttpRequestHandler]
2018-05-18 16:51:21.482 INFO  [           main] o.s.w.s.handler.SimpleUrlHandlerMapping  Line:362  : Mapped URL path [/**/favicon.ico] onto handler of type [class org.springframework.web.servlet.resource.ResourceHttpRequestHandler]
2018-05-18 16:51:22.184 INFO  [           main] o.s.j.e.a.AnnotationMBeanExporter        Line:431  : Registering beans for JMX exposure on startup
2018-05-18 16:51:22.186 INFO  [           main] o.s.j.e.a.AnnotationMBeanExporter        Line:918  : Bean with name 'masterDataSource' has been autodetected for JMX exposure
2018-05-18 16:51:22.186 INFO  [           main] o.s.j.e.a.AnnotationMBeanExporter        Line:918  : Bean with name 'slaveDataSource' has been autodetected for JMX exposure
2018-05-18 16:51:22.193 INFO  [           main] o.s.j.e.a.AnnotationMBeanExporter        Line:672  : Located MBean 'masterDataSource': registering with JMX server as MBean [com.alibaba.druid.pool:name=masterDataSource,type=DruidDataSource]
2018-05-18 16:51:22.195 INFO  [           main] o.s.j.e.a.AnnotationMBeanExporter        Line:672  : Located MBean 'slaveDataSource': registering with JMX server as MBean [com.alibaba.druid.pool:name=slaveDataSource,type=DruidDataSource]
2018-05-18 16:51:22.199 INFO  [           main] o.s.c.support.DefaultLifecycleProcessor  Line:341  : Starting beans in phase 2147483647
2018-05-18 16:51:22.488 INFO  [           main] s.b.c.e.t.TomcatEmbeddedServletContainer Line:216  : Tomcat started on port(s): 8001 (http)
2018-05-18 16:51:22.502 INFO  [           main] com.example.demo.DemoApplication         Line:57   : Started DemoApplication in 9.067 seconds (JVM running for 9.521)
2018-05-18 16:51:29.520 INFO  [http-nio-8001-exec-2] o.s.web.servlet.DispatcherServlet        Line:489  : FrameworkServlet 'dispatcherServlet': initialization started
2018-05-18 16:51:29.563 INFO  [http-nio-8001-exec-2] o.s.web.servlet.DispatcherServlet        Line:508  : FrameworkServlet 'dispatcherServlet': initialization completed in 43 ms
2018-05-18 16:53:20.629 INFO  [http-nio-8001-exec-4] com.alibaba.druid.pool.DruidDataSource   Line:667  : {dataSource-1} inited
